{"level":"info","message":"correct"}
{"level":"info","message":"correct logger"}
{"level":"error","message":"correct logger"}
info: Label: 19-05-2023 16:45:36: correct logger
info: Label: 19-May-2023 16:46:42: correct logger
info: Label: 19-May-2023 16:53:59: correct logger
error: Label: 19-May-2023 17:53:58: correct logger
error: Label: 19-May-2023 17:54:18: correct logger
error: Label: 19-May-2023 17:55:09: correct logger
error: Label: 19-May-2023 18:01:31: correct logger
error: Label: 19-May-2023 18:02:53: correct logger
error: Label: 19-May-2023 18:03:16: correct logger
error: Label: 19-May-2023 18:08:51: correct logger
error: Label: 19-May-2023 18:11:23: correct logger
error: Label: 19-May-2023 18:12:38: correct logger
error: Label: 20-May-2023 07:50:35: correct logger
error: Label: 20-May-2023 07:53:22: correct logger
error: Label: 20-May-2023 07:53:41: correct logger
error: Label: 20-May-2023 07:56:49: correct logger
info: Label: 20-May-2023 07:57:24: correct logger
error: Label: 20-May-2023 07:57:34: correct logger
info: Label: 20-May-2023 08:08:19: correct logger
info: Label: 20-May-2023 08:09:20: correct logger
error: Label: 20-May-2023 08:11:37: correct logger
error: Label: 20-May-2023 08:12:37: correct logger
error: Label: 20-May-2023 08:13:26: error occured while creatiing new user
error: Label: 20-May-2023 08:13:59: error occured while creatiing new user
error: Label: 20-May-2023 08:14:34: error occured while creatiing new user
error: Label: 20-May-2023 08:22:27: error occured while creatiing akinyemibamidele2@gmail.com as a user
error: Label: 20-May-2023 08:33:00: error occured while creatiing akinyemibamidele2@gmail.com as a user
error: Label: 20-May-2023 08:33:10: error occured while creatiing akinyemibamidele2@gmail.com as a user
error: Label: 20-May-2023 08:33:43: error occured while creatiing akinyemibamidele2@gmail.com as a user
error: Label: 20-May-2023 08:57:10: error occured while creatiing akinyemibamidele2@gmail.com as a user
error: Label: 20-May-2023 08:57:38: error occured while creatiing akinyemibamidele2@gmail.com as a user
error: Label: 20-May-2023 08:57:56: error occured while creatiing akinyemibamidele2@gmail.com as a user
error: Label: 20-May-2023 09:01:26: error occured while creatiing akinyemibamidele2@gmail.com as a user
error: Label: 20-May-2023 09:10:24: error occured while creatiing akinyemibamidele2@gmail.com as a user
info: Label: 20-May-2023 12:04:15: User created!
info: Label: 20-May-2023 12:07:02: User created!
info: Label: 20-May-2023 12:10:47: User created!
error: Label: 20-May-2023 12:11:35: error occured while creatiing akinyemibamidele21243@gmail.com as a user
info: Label: 20-May-2023 12:17:16: User fetched!
info: Label: 20-May-2023 12:17:45: User fetched!
info: Label: 20-May-2023 12:17:47: User fetched!
info: Label: 20-May-2023 12:19:36: User fetched successfuly
info: Label: 20-May-2023 13:48:23: Banks fetched successfuly
error: Label: 20-May-2023 13:48:38: error occured while creatiing undefined as a user
error: Label: 20-May-2023 13:49:37: error occured while creatiing undefined as a user
error: Label: 20-May-2023 13:50:14: error occured while creatiing undefined as a user
error: Label: 20-May-2023 13:51:02: error occured while creatiing undefined as a user
info: Label: 20-May-2023 13:52:09: Sterling Bank created successfully
info: Label: 20-May-2023 13:52:51: Banks fetched successfuly
error: Label: 20-May-2023 13:53:10: error occured while getting 
error: Label: 20-May-2023 13:54:34: error occured while getting 
info: Label: 20-May-2023 13:55:48: Bank fetched successfuly
info: Label: 20-May-2023 13:55:59: Bank fetched successfuly
info: Label: 20-May-2023 16:10:44: Bank deleted successfuly
info: Label: 20-May-2023 16:20:54: Banks fetched successfuly
info: Label: 20-May-2023 19:20:05: Sterling Bank created successfully
info: Label: 20-May-2023 19:21:09: Sterling Bank created successfully
info: Label: 20-May-2023 19:22:32: Sterling Bank created successfully
info: Label: 20-May-2023 19:37:29: Bank fetched successfuly
error: Label: 21-May-2023 00:54:50: error occured while creatiing akinyemibamidele21243@gmail.com as a user
error: Label: 21-May-2023 00:54:56: error occured while creatiing akinyemibamidele21243@gmail.com as a user
error: Label: 21-May-2023 00:55:21: error occured while creatiing akinyemibamidele21243@gmail.com as a user
error: Label: 21-May-2023 00:56:13: error occured while creatiing akinyemibamidele21243@gmail.com as a user
info: Label: 21-May-2023 00:56:39: User created!
info: Label: 21-May-2023 00:56:40: User created!
info: Label: 21-May-2023 00:56:41: User created!
error: Label: 21-May-2023 01:01:15: error occured while creatiing akinyemibamidele21243@gmail.com as a user
error: Label: 21-May-2023 01:01:16: error occured while creatiing akinyemibamidele21243@gmail.com as a user
error: Label: 21-May-2023 01:01:18: error occured while creatiing akinyemibamidele21243@gmail.com as a user
error: Label: 21-May-2023 01:02:05: error occured while creatiing akinyemibamidele21243@gmail.com as a user
info: Label: 21-May-2023 01:02:32: User created!
info: Label: 21-May-2023 01:03:00: User created!
info: Label: 21-May-2023 01:03:01: User created!
info: Label: 21-May-2023 01:05:11: User created!
info: Label: 21-May-2023 01:05:44: User created!
info: Label: 21-May-2023 01:05:55: User created!
info: Label: 21-May-2023 01:06:01: User created!
info: Label: 21-May-2023 01:06:35: User created!
info: Label: 21-May-2023 01:07:51: User created!
info: Label: 21-May-2023 01:09:32: User created!
info: Label: 21-May-2023 01:09:46: User created!
info: Label: 21-May-2023 01:20:15: User created!
info: Label: 21-May-2023 01:45:22: Bank fetched successfuly
info: Label: 21-May-2023 01:45:27: Banks fetched successfuly
error: Label: 21-May-2023 01:45:42: error occured while deleting bank 
error: Label: 21-May-2023 01:45:44: error occured while deleting bank 
error: Label: 21-May-2023 01:47:22: error occured while deleting bank 
error: Label: 21-May-2023 01:47:27: error occured while deleting bank 
error: Label: 21-May-2023 01:47:28: error occured while deleting bank 
error: Label: 21-May-2023 01:48:54: error occured while deleting bank 
error: Label: 21-May-2023 01:49:50: error occured while deleting bank 
info: Label: 21-May-2023 01:51:30: First Bank created successfully
info: Label: 21-May-2023 01:51:40: First Bank created successfully
error: Label: 21-May-2023 01:58:33: error occured while creatiin a bank
error: Label: 21-May-2023 01:59:01: error occured while creatiin a bank
error: Label: 21-May-2023 01:59:31: error occured while creatiin a bank
error: Label: 21-May-2023 01:59:45: error occured while creatiin a bank
error: Label: 21-May-2023 02:00:39: error occured while creatiin a bank
error: Label: 21-May-2023 02:01:34: error occured while creatiin a bank
error: Label: 21-May-2023 02:01:35: error occured while creatiin a bank
error: Label: 21-May-2023 02:02:38: error occured while creatiin a bank
error: Label: 21-May-2023 02:03:12: error occured while creatiin a bank
error: Label: 21-May-2023 02:05:39: error occured while creatiin a bank
error: Label: 21-May-2023 02:07:12: error occured while creatiin a bank
info: Label: 21-May-2023 02:08:00: 23335 created successfully
info: Label: 21-May-2023 21:18:40: Banks fetched successfuly
info: Label: 21-May-2023 21:54:43: Banks fetched successfuly
error: Label: 21-May-2023 23:31:19: error occured while fetching all banks
error: Label: 21-May-2023 23:34:14: error occured while fetching all banks
error: Label: 21-May-2023 23:36:22: error occured while creatiin a bank
error: Label: 21-May-2023 23:37:00: error occured while creatiin a bank
error: Label: 21-May-2023 23:37:35: error occured while creatiin a bank
error: Label: 21-May-2023 23:40:28: error occured while creatiin a bank
error: Label: 21-May-2023 23:43:59: error occured while creatiin a bank
error: Label: 21-May-2023 23:47:37: error occured while creatiin a bank
error: Label: 21-May-2023 23:48:06: error occured while creatiin a bank
error: Label: 21-May-2023 23:50:24: error occured while creatiin a bank
error: Label: 21-May-2023 23:51:47: error occured while creatiin a bank
error: Label: 21-May-2023 23:52:10: error occured while creatiin a bank
error: Label: 21-May-2023 23:53:23: error occured while creatiin a bank
error: Label: 22-May-2023 00:03:07: error occured while creatiin a bank
error: Label: 22-May-2023 00:05:23: error occured while creatiin a bank
error: Label: 22-May-2023 01:35:21: error occured while creatiin a bank
error: Label: 22-May-2023 02:00:17: error occured while creatiin a bank
error: Label: 22-May-2023 02:01:24: error occured while creatiin a bank
error: Label: 22-May-2023 02:04:11: error occured while creatiin a bank
error: Label: 22-May-2023 02:14:05: error occured while creatiin a bank
error: Label: 22-May-2023 02:14:27: error occured while creatiin a bank
error: Label: 22-May-2023 02:52:13: error occured while creatiin a bank
error: Label: 22-May-2023 02:55:58: error occured while creatiin a bank
error: Label: 22-May-2023 02:59:25: error occured while creatiin a bank
error: Label: 22-May-2023 08:43:20: error occured while creatiin a bank
error: Label: 22-May-2023 08:46:05: error occured while creatiin a bank
info: Label: 22-May-2023 08:46:52: 23335 created successfully
info: Label: 22-May-2023 08:55:40: Banks fetched successfuly
info: Label: 22-May-2023 09:03:13: Banks fetched successfuly
info: Label: 22-May-2023 09:03:19: Banks fetched successfuly
info: Label: 22-May-2023 09:04:49: Bank fetched successfuly
info: Label: 22-May-2023 09:17:48: 23335 created successfully
error: Label: 22-May-2023 10:13:06: eerrrree
error: Label: 22-May-2023 10:21:14: kddksdjdsds
error: Label: 22-May-2023 10:27:16: undefined
error: Label: 22-May-2023 10:28:22: undefined
info: Label: 22-May-2023 10:46:22: 23335 created successfully
info: Label: 22-May-2023 10:46:33: Banks fetched successfuly
info: Label: 22-May-2023 10:46:43: Bank fetched successfuly
info: Label: 22-May-2023 10:46:47: Bank fetched successfuly
info: Label: 22-May-2023 10:47:25: Banks fetched successfuly
error: Label: 22-May-2023 10:49:43: error occured while dsdfsdsfsd a bank
error: Label: 22-May-2023 10:50:09: error occured while dsdfsdsfsd a bank
error: Label: 22-May-2023 10:50:32: error occured while dsdfsdsfsd a bank
info: Label: 22-May-2023 11:02:24: Zenith Bank created successfully
error: Label: 22-May-2023 11:29:39: error occured while deleting bank 
error: Label: 22-May-2023 11:31:45: error occured while deleting bank 
error: Label: 22-May-2023 11:32:32: error occured while deleting bank 
error: Label: 22-May-2023 11:33:50: error occured while deleting bank 
error: Label: 22-May-2023 11:34:38: error occured while deleting bank 
error: Label: 22-May-2023 11:35:13: error occured while deleting bank 
error: Label: 22-May-2023 11:35:17: error occured while deleting bank 
error: Label: 22-May-2023 11:35:44: error occured while deleting bank 
error: Label: 22-May-2023 11:38:29: error occured while deleting bank 
error: Label: 22-May-2023 11:38:51: error occured while deleting bank 
error: Label: 22-May-2023 11:40:42: error occured while deleting bank 
error: Label: 22-May-2023 11:41:41: error occured while deleting bank 
error: Label: 22-May-2023 11:42:29: error occured while deleting bank 
error: Label: 22-May-2023 11:42:31: error occured while deleting bank 
error: Label: 22-May-2023 11:42:48: error occured while deleting bank 
error: Label: 22-May-2023 11:42:58: error occured while deleting bank 
error: Label: 22-May-2023 11:43:33: error occured while deleting bank 
error: Label: 22-May-2023 11:44:06: error occured while deleting bank 
error: Label: 22-May-2023 11:44:59: error occured while deleting bank 
error: Label: 22-May-2023 11:45:47: error occured while deleting bank 
info: Label: 22-May-2023 11:48:37: Zenith Bank created successfully
info: Label: 22-May-2023 11:49:15: undefined created successfully
info: Label: 22-May-2023 11:58:49: undefined created successfully
error: Label: 22-May-2023 11:59:11: error occured while fetching all banks
error: Label: 22-May-2023 12:03:22: error occured while fetching all banks
error: Label: 22-May-2023 12:03:45: error occured while fetching all banks
error: Label: 22-May-2023 12:03:47: error occured while fetching all banks
error: Label: 22-May-2023 12:04:24: error occured while fetching all banks
error: Label: 22-May-2023 12:05:21: error occured while fetching all banks
error: Label: 22-May-2023 19:19:37: error occured while creating an account for akinyemibamidele2@gmail.com with error message: ReferenceError: hash is not defined
info: Label: 22-May-2023 19:30:00: Bamidele Akinyemi created an account successfully with akinyemibamidele2@gmail.com.
error: Label: 22-May-2023 19:59:46: error occured while updating user with error message: ReferenceError: cryptedPassword is not defined
error: Label: 22-May-2023 21:02:53: error occured while creating an account for usmansotunde@gmail.com with error message: TypeError: Cannot read properties of null (reading 'username')
info: Label: 22-May-2023 21:08:03: Usman Sotunde created an account successfully with usmansotunde@gmail.com.
info: Label: 22-May-2023 21:08:57: Usman Sotunde created an account successfully with usmansotunde2@gmail.com.
info: Label: 22-May-2023 21:18:17: User with usmansotunde2@gmail.com signed in successfully.
info: Label: 22-May-2023 21:20:20: User with usmansotunde2@gmail.com signed in successfully.
info: Label: 22-May-2023 21:20:46: User with usmansotunde2@gmail.com signed in successfully.
info: Label: 22-May-2023 21:21:12: User with usmansotunde@gmail.com signed in successfully.
info: Label: 23-May-2023 09:57:47: User with usmansotunde@gmail.com signed in successfully.
info: Label: 23-May-2023 10:09:06: User with usmansotunde@gmail.com signed in successfully.
info: Label: 23-May-2023 10:09:36: User with usmansotunde@gmail.com signed in successfully.
info: Label: 23-May-2023 10:12:16: User with usmansotunde@gmail.com signed in successfully.
info: Label: 23-May-2023 12:31:40: Bamidele Akinyemi created an account successfully with akinyemibamidele@gmail.com.
info: Label: 23-May-2023 12:44:54: Bamidele Akinyemi created an account successfully with akainyemi@sidebrief.com.
info: Label: 23-May-2023 12:45:46: staff with akainyemi@sidebrief.com signed in successfully.
info: Label: 23-May-2023 12:45:59: staff with akainyemi@sidebrief.com signed in successfully.
info: Label: 23-May-2023 12:48:47: Bamidele Akinyemi created an account successfully with akinyemibamidele@gmail.com.
info: Label: 23-May-2023 12:48:59: Bamidele Akinyemi created an account successfully with akainyemi@sidebrief.com.
info: Label: 23-May-2023 13:03:21: staff with akainyemi@sidebrief.com signed in successfully.
error: Label: 23-May-2023 13:03:46: error occured while creating a bank with error ReferenceError: bankName is not defined
error: Label: 23-May-2023 13:06:25: error occured while creating a bank with error ReferenceError: bankName is not defined
error: Label: 23-May-2023 13:08:34: error occured while creating a bank with error ReferenceError: bankName is not defined
error: Label: 23-May-2023 13:09:35: error occured while creating a bank with error ReferenceError: bankName is not defined
error: Label: 23-May-2023 13:10:49: error occured while creating a bank with error ReferenceError: bankName is not defined
info: Label: 23-May-2023 13:11:33: Providus Bank created successfully
info: Label: 23-May-2023 13:12:49: Providus Bank created successfully
info: Label: 23-May-2023 13:14:32: Providus Bank created successfully
info: Label: 23-May-2023 13:16:07: Providus Bank created successfully
info: Label: 23-May-2023 13:18:24: Providus Bank created successfully
info: Label: 23-May-2023 13:19:51: User with akinyemibamidele@gmail.com signed in successfully.
info: Label: 23-May-2023 13:20:45: Providus Bank created successfully
info: Label: 23-May-2023 13:55:52: Bamidele Akinyemi created an account successfully with akinyemibamidele@gmail.com.
info: Label: 23-May-2023 13:56:09: Bamidele Akinyemi created an account successfully with akainyemi@sidebrief.com.
info: Label: 23-May-2023 13:56:43: staff with akainyemi@sidebrief.com signed in successfully.
info: Label: 23-May-2023 13:56:55: User with akinyemibamidele@gmail.com signed in successfully.
info: Label: 23-May-2023 13:57:44: Providus Bank created successfully
error: Label: 24-May-2023 15:46:42: error occured while fetching all service category with error message: TypeError: Cannot read properties of undefined (reading 'findMany')
error: Label: 24-May-2023 15:47:09: error occured while fetching all service category with error message: TypeError: Cannot read properties of undefined (reading 'findMany')
error: Label: 24-May-2023 15:47:11: error occured while fetching all service category with error message: TypeError: Cannot read properties of undefined (reading 'findMany')
error: Label: 24-May-2023 15:47:21: error occured while fetching all service category with error message: TypeError: Cannot read properties of undefined (reading 'findMany')
error: Label: 24-May-2023 15:47:22: error occured while fetching all service category with error message: TypeError: Cannot read properties of undefined (reading 'findMany')
error: Label: 24-May-2023 15:48:05: error occured while fetching all service category with error message: TypeError: Cannot read properties of undefined (reading 'findMany')
error: Label: 24-May-2023 15:48:20: error occured while fetching all service category with error message: TypeError: Cannot read properties of undefined (reading 'findMany')
error: Label: 24-May-2023 15:54:09: error occured while creating this service category with error Error: 
Invalid `prisma.serviceCategory.create()` invocation in
/Users/akinyemibamidele/Documents/Soss-v2/src/modules/service/service.js:15:51

  12   description: serviceCategoryPayload.description,
  13 };
  14 console.log(values);
→ 15 const category = await prisma.serviceCategory.create({
       name: 'manage',
       ~~~~
       description: 'this is manage category',
       ~~~~~~~~~~~
     + data: ServiceCategoryCreateInput | ServiceCategoryUncheckedCreateInput
     })

Unknown arg `name` in name for type ServiceCategory. Did you mean `data`?
Unknown arg `description` in description for type ServiceCategory. Did you mean `data`?
Argument data is missing.

Note: Lines with + are required

error: Label: 24-May-2023 15:55:54: error occured while creating this service category with error Error: 
Invalid `prisma.serviceCategory.create()` invocation in
/Users/akinyemibamidele/Documents/Soss-v2/src/modules/service/service.js:15:51

  12   description: serviceCategoryPayload.description,
  13 };
  14 console.log(values);
→ 15 const category = await prisma.serviceCategory.create({
       name: 'manage',
       ~~~~
       description: 'this is manage category',
       ~~~~~~~~~~~
     + data: ServiceCategoryCreateInput | ServiceCategoryUncheckedCreateInput
     })

Unknown arg `name` in name for type ServiceCategory. Did you mean `data`?
Unknown arg `description` in description for type ServiceCategory. Did you mean `data`?
Argument data is missing.

Note: Lines with + are required

error: Label: 24-May-2023 15:55:56: error occured while creating this service category with error Error: 
Invalid `prisma.serviceCategory.create()` invocation in
/Users/akinyemibamidele/Documents/Soss-v2/src/modules/service/service.js:15:51

  12   description: serviceCategoryPayload.description,
  13 };
  14 console.log(values);
→ 15 const category = await prisma.serviceCategory.create({
       name: 'manage',
       ~~~~
       description: 'this is manage category',
       ~~~~~~~~~~~
     + data: ServiceCategoryCreateInput | ServiceCategoryUncheckedCreateInput
     })

Unknown arg `name` in name for type ServiceCategory. Did you mean `data`?
Unknown arg `description` in description for type ServiceCategory. Did you mean `data`?
Argument data is missing.

Note: Lines with + are required

info: Label: 24-May-2023 15:57:49: manage created successfully
info: Label: 25-May-2023 15:43:07: onboard service category created successfully
error: Label: 25-May-2023 15:43:40: error occured while creating this service category with error Error: 
Invalid `prisma.serviceCategory.create()` invocation in
/Users/akinyemibamidele/Documents/Soss-v2/src/modules/service/service.js:15:51

  12   description: serviceCategoryPayload.description,
  13 };
  14 console.log(values);
→ 15 const category = await prisma.serviceCategory.create(
Unique constraint failed on the fields: (`name`)
error: Label: 25-May-2023 15:43:40: error occured while deleting service category with error message: Error: 
Invalid `prisma.serviceCategory.delete()` invocation in
/Users/akinyemibamidele/Documents/Soss-v2/src/modules/service/service.js:157:63

  154 //return response to the service category controller
  155 
  156 try {
→ 157   const deleteCategory = await prisma.serviceCategory.delete(
An operation failed because it depends on one or more records that were required but not found. Record to delete does not exist.
error: Label: 25-May-2023 15:45:56: error occured while creating this service category with error Error: 
Invalid `prisma.serviceCategory.create()` invocation in
/Users/akinyemibamidele/Documents/Soss-v2/src/modules/service/service.js:15:51

  12   description: serviceCategoryPayload.description,
  13 };
  14 console.log(values);
→ 15 const category = await prisma.serviceCategory.create(
Unique constraint failed on the fields: (`name`)
error: Label: 25-May-2023 15:45:56: error occured while deleting service category with error message: Error: 
Invalid `prisma.serviceCategory.delete()` invocation in
/Users/akinyemibamidele/Documents/Soss-v2/src/modules/service/service.js:157:63

  154 //return response to the service category controller
  155 
  156 try {
→ 157   const deleteCategory = await prisma.serviceCategory.delete(
An operation failed because it depends on one or more records that were required but not found. Record to delete does not exist.
info: Label: 25-May-2023 15:46:43: manages service category created successfully
error: Label: 25-May-2023 15:50:02: error occured while creating this service category with error Error: 
Invalid `prisma.serviceCategory.create()` invocation in
/Users/akinyemibamidele/Documents/Soss-v2/src/modules/service/service.js:15:51

  12   description: serviceCategoryPayload.description,
  13 };
  14 console.log(values);
→ 15 const category = await prisma.serviceCategory.create(
Unique constraint failed on the fields: (`name`)
error: Label: 25-May-2023 15:50:02: error occured while deleting service category with error message: Error: 
Invalid `prisma.serviceCategory.delete()` invocation in
/Users/akinyemibamidele/Documents/Soss-v2/src/modules/service/service.js:157:63

  154 //return response to the service category controller
  155 
  156 try {
→ 157   const deleteCategory = await prisma.serviceCategory.delete(
An operation failed because it depends on one or more records that were required but not found. Record to delete does not exist.
info: Label: 25-May-2023 15:51:16: testing service category created successfully
error: Label: 25-May-2023 15:51:16: error occured while deleting service category with error message: Error: 
Invalid `prisma.serviceCategory.delete()` invocation in
/Users/akinyemibamidele/Documents/Soss-v2/src/modules/service/service.js:157:63

  154 //return response to the service category controller
  155 
  156 try {
→ 157   const deleteCategory = await prisma.serviceCategory.delete(
An operation failed because it depends on one or more records that were required but not found. Record to delete does not exist.
error: Label: 25-May-2023 15:53:00: error occured while creating this service category with error Error: 
Invalid `prisma.serviceCategory.create()` invocation in
/Users/akinyemibamidele/Documents/Soss-v2/src/modules/service/service.js:15:51

  12   description: serviceCategoryPayload.description,
  13 };
  14 console.log(values);
→ 15 const category = await prisma.serviceCategory.create(
Unique constraint failed on the fields: (`name`)
error: Label: 25-May-2023 15:53:00: error occured while deleting service category with error message: Error: 
Invalid `prisma.serviceCategory.delete()` invocation in
/Users/akinyemibamidele/Documents/Soss-v2/src/modules/service/service.js:157:63

  154 //return response to the service category controller
  155 
  156 try {
→ 157   const deleteCategory = await prisma.serviceCategory.delete(
An operation failed because it depends on one or more records that were required but not found. Record to delete does not exist.
error: Label: 25-May-2023 15:55:54: error occured while deleting service category with error message: Error: 
Invalid `prisma.serviceCategory.delete()` invocation in
/Users/akinyemibamidele/Documents/Soss-v2/src/modules/service/service.js:157:63

  154 //return response to the service category controller
  155 
  156 try {
→ 157   const deleteCategory = await prisma.serviceCategory.delete(
An operation failed because it depends on one or more records that were required but not found. Record to delete does not exist.
error: Label: 25-May-2023 15:57:00: error occured while deleting service category with error message: Error: 
Invalid `prisma.serviceCategory.delete()` invocation in
/Users/akinyemibamidele/Documents/Soss-v2/src/modules/service/service.js:157:63

  154 //return response to the service category controller
  155 
  156 try {
→ 157   const deleteCategory = await prisma.serviceCategory.delete(
An operation failed because it depends on one or more records that were required but not found. Record to delete does not exist.
error: Label: 25-May-2023 15:58:22: error occured while deleting service category with error message: Error: 
Invalid `prisma.serviceCategory.delete()` invocation in
/Users/akinyemibamidele/Documents/Soss-v2/src/modules/service/service.js:157:63

  154 //return response to the service category controller
  155 
  156 try {
→ 157   const deleteCategory = await prisma.serviceCategory.delete(
An operation failed because it depends on one or more records that were required but not found. Record to delete does not exist.
error: Label: 25-May-2023 16:00:33: error occured while deleting service category with error message: Error: 
Invalid `prisma.serviceCategory.delete()` invocation in
/Users/akinyemibamidele/Documents/Soss-v2/src/modules/service/service.js:157:63

  154 //return response to the service category controller
  155 
  156 try {
→ 157   const deleteCategory = await prisma.serviceCategory.delete(
An operation failed because it depends on one or more records that were required but not found. Record to delete does not exist.
error: Label: 25-May-2023 16:01:12: error occured while deleting service category with error message: Error: 
Invalid `prisma.serviceCategory.delete()` invocation in
/Users/akinyemibamidele/Documents/Soss-v2/src/modules/service/service.js:157:63

  154 //return response to the service category controller
  155 
  156 try {
→ 157   const deleteCategory = await prisma.serviceCategory.delete(
An operation failed because it depends on one or more records that were required but not found. Record to delete does not exist.
info: Label: 25-May-2023 16:02:05: testing service category created successfully
error: Label: 25-May-2023 16:02:05: error occured while deleting service category with error message: Error: 
Invalid `prisma.serviceCategory.delete()` invocation in
/Users/akinyemibamidele/Documents/Soss-v2/src/modules/service/service.js:157:63

  154 //return response to the service category controller
  155 
  156 try {
→ 157   const deleteCategory = await prisma.serviceCategory.delete(
An operation failed because it depends on one or more records that were required but not found. Record to delete does not exist.
error: Label: 25-May-2023 16:16:29: error occured while creating this service category with error Error: 
Invalid `prisma.serviceCategory.create()` invocation in
/Users/akinyemibamidele/Documents/Soss-v2/src/modules/service/service.js:15:51

  12   description: serviceCategoryPayload.description,
  13 };
  14 console.log(values);
→ 15 const category = await prisma.serviceCategory.create(
Unique constraint failed on the fields: (`name`)
error: Label: 25-May-2023 16:16:29: error occured while deleting service category with error message: Error: 
Invalid `prisma.serviceCategory.delete()` invocation in
/Users/akinyemibamidele/Documents/Soss-v2/src/modules/service/service.js:161:63

  158 //return response to the service category controller
  159 
  160 try {
→ 161   const deleteCategory = await prisma.serviceCategory.delete(
An operation failed because it depends on one or more records that were required but not found. Record to delete does not exist.
info: Label: 25-May-2023 16:18:08: usman service category created successfully
error: Label: 31-May-2023 13:14:51: error occured while fetching user with error message: ReferenceError: token is not defined
error: Label: 31-May-2023 13:30:40: error occured while creating an account for akinyemi@sidebrief.com with error message: Error: 
Invalid `prisma.staff.findUnique()` invocation in
/Users/akinyemibamidele/Documents/Soss-v2/src/modules/staff/service.js:12:43

   9 //create staff service
  10 const saveStaff = async (staffPayload) => {
  11   try {
→ 12     const checkStaff = await prisma.staff.findUnique({
           where: {
             email: 'akinyemi@sidebrief.com'
             ~~~~~
           }
         })

Unknown arg `email` in where.email for type StaffWhereUniqueInput. Did you mean `id`? Available args:
type StaffWhereUniqueInput {
  id?: String
  firstName?: String
}


error: Label: 31-May-2023 13:36:24: error occured while creating an account for akinyemi@sidebrief.com with error message: Error: 
Invalid `prisma.staff.findUnique()` invocation in
/Users/akinyemibamidele/Documents/Soss-v2/src/modules/staff/service.js:12:43

   9 //create staff service
  10 const saveStaff = async (staffPayload) => {
  11   try {
→ 12     const checkStaff = await prisma.staff.findUnique({
           where: {
             email: 'akinyemi@sidebrief.com'
             ~~~~~
           }
         })

Unknown arg `email` in where.email for type StaffWhereUniqueInput. Did you mean `id`? Available args:
type StaffWhereUniqueInput {
  id?: String
  firstName?: String
}


error: Label: 31-May-2023 13:36:37: error occured while creating an account for akinyemi@sidebrief.com with error message: Error: 
Invalid `prisma.staff.findUnique()` invocation in
/Users/akinyemibamidele/Documents/Soss-v2/src/modules/staff/service.js:12:43

   9 //create staff service
  10 const saveStaff = async (staffPayload) => {
  11   try {
→ 12     const checkStaff = await prisma.staff.findUnique({
           where: {
             email: 'akinyemi@sidebrief.com'
             ~~~~~
           }
         })

Unknown arg `email` in where.email for type StaffWhereUniqueInput. Did you mean `id`? Available args:
type StaffWhereUniqueInput {
  id?: String
  firstName?: String
}


error: Label: 31-May-2023 13:40:22: error occured while creating an account for akinyemi@sidebrief.com with error message: Error: 
Invalid `prisma.staff.findUnique()` invocation in
/Users/akinyemibamidele/Documents/Soss-v2/src/modules/staff/service.js:12:43

   9 //create staff service
  10 const saveStaff = async (staffPayload) => {
  11   try {
→ 12     const checkStaff = await prisma.staff.findUnique({
           where: {
             email: 'akinyemi@sidebrief.com'
             ~~~~~
           }
         })

Unknown arg `email` in where.email for type StaffWhereUniqueInput. Did you mean `id`? Available args:
type StaffWhereUniqueInput {
  id?: String
  firstName?: String
}


error: Label: 31-May-2023 13:40:35: error occured while creating an account for akinyemi@sidebrief.com with error message: Error: 
Invalid `prisma.staff.findUnique()` invocation in
/Users/akinyemibamidele/Documents/Soss-v2/src/modules/staff/service.js:12:43

   9 //create staff service
  10 const saveStaff = async (staffPayload) => {
  11   try {
→ 12     const checkStaff = await prisma.staff.findUnique({
           where: {
             email: 'akinyemi@sidebrief.com'
             ~~~~~
           }
         })

Unknown arg `email` in where.email for type StaffWhereUniqueInput. Did you mean `id`? Available args:
type StaffWhereUniqueInput {
  id?: String
  firstName?: String
}


error: Label: 31-May-2023 13:43:59: error occured while creating an account for akinyemi@sidebrief.com with error message: ReferenceError: models is not defined
error: Label: 31-May-2023 13:44:03: error occured while creating an account for akinyemi@sidebrief.com with error message: ReferenceError: models is not defined
error: Label: 31-May-2023 13:44:35: error occured while creating an account for akinyemi@sidebrief.com with error message: Error: 
Invalid `prisma.user.findUnique()` invocation in
/Users/akinyemibamidele/Documents/Soss-v2/src/modules/user/service.js:20:45

  17   return { error: "User with this email already exists", statusCode: 400 };
  18 }
  19 
→ 20 const checkUsername = await prisma.user.findUnique({
       where: {
         username: 'bamidele2'
         ~~~~~~~~
       }
     })

Unknown arg `username` in where.username for type UserWhereUniqueInput. Available args:

type UserWhereUniqueInput {
  id?: String
  email?: String
}


error: Label: 31-May-2023 13:44:39: error occured while creating an account for akinyemi@sidebrief.com with error message: Error: 
Invalid `prisma.user.findUnique()` invocation in
/Users/akinyemibamidele/Documents/Soss-v2/src/modules/user/service.js:20:45

  17   return { error: "User with this email already exists", statusCode: 400 };
  18 }
  19 
→ 20 const checkUsername = await prisma.user.findUnique({
       where: {
         username: 'bamidele2'
         ~~~~~~~~
       }
     })

Unknown arg `username` in where.username for type UserWhereUniqueInput. Available args:

type UserWhereUniqueInput {
  id?: String
  email?: String
}


error: Label: 31-May-2023 13:45:36: error occured while creating an account for akinyemi@sidebrief.com with error message: Error: 
Invalid `prisma.user.findUnique()` invocation in
/Users/akinyemibamidele/Documents/Soss-v2/src/modules/user/service.js:20:45

  17   return { error: "User with this email already exists", statusCode: 400 };
  18 }
  19 
→ 20 const checkUsername = await prisma.user.findUnique({
       where: {
         username: 'bamidele2'
         ~~~~~~~~
       }
     })

Unknown arg `username` in where.username for type UserWhereUniqueInput. Available args:

type UserWhereUniqueInput {
  id?: String
  email?: String
}


info: Label: 31-May-2023 13:46:35: Bamidele Akinyemi created an account successfully with akinyemi@sidebrief.com.
info: Label: 31-May-2023 13:47:40: Bamidele Akinyemi created an account successfully with akinyemi@sidebrief.com.
info: Label: 31-May-2023 13:57:55: Bamidele Akinyemi created an account successfully with damola@sidebrief.com.
info: Label: 31-May-2023 14:02:18: Bamidele Akinyemi created an account successfully with akinyemibamidele2@gmail.com.
error: Label: 31-May-2023 14:02:18: error occured while creating an account for akinyemibamidele2@gmail.com with error message: ReferenceError: token is not defined
info: Label: 31-May-2023 14:03:02: Bamidele Akinyemi created an account successfully with akinyemibamidele2@gmail.com.
error: Label: 31-May-2023 14:03:02: error occured while creating an account for akinyemibamidele2@gmail.com with error message: ReferenceError: token is not defined
info: Label: 31-May-2023 14:03:30: Bamidele Akinyemi created an account successfully with akinyemibamidele2@gmail.com.
error: Label: 31-May-2023 14:03:30: error occured while creating an account for akinyemibamidele2@gmail.com with error message: ReferenceError: token is not defined
info: Label: 31-May-2023 14:05:27: Bamidele Akinyemi created an account successfully with akinyemibamidele2@gmail.com.
info: Label: 31-May-2023 14:25:24: Bamidele Akinyemi created an account successfully with akinyemibamidele2@gmail.com.
info: Label: 31-May-2023 14:26:33: Bamidele Akinyemi created an account successfully with akinyemibamidele2@gmail.com.
info: Label: 31-May-2023 14:27:28: Bamidele Akinyemi created an account successfully with akinyemibamidele2@gmail.com.
error: Label: 31-May-2023 19:14:36: error occured while verifying this user with error message: ReferenceError: verifyUserToken is not defined
error: Label: 31-May-2023 19:15:02: error occured while verifying this user with error message: Error: 
Invalid `prisma.user.findUnique()` invocation in
/Users/akinyemibamidele/Documents/Soss-v2/src/modules/user/service.js:230:41

  227 const userSecret = process.env.TOKEN_USER_SECRET;
  228 const user = await verifyUserToken(verifyPayload, userSecret);
  229 
→ 230 const checkUser = await prisma.user.findUnique({
        where: {
      ?   id?: String,
      ?   email?: String
        }
      })

Argument where of type UserWhereUniqueInput needs at least one argument. Available args are listed in green.

Note: Lines with ? are optional.

error: Label: 31-May-2023 19:15:06: error occured while verifying this user with error message: Error: 
Invalid `prisma.user.findUnique()` invocation in
/Users/akinyemibamidele/Documents/Soss-v2/src/modules/user/service.js:230:41

  227 const userSecret = process.env.TOKEN_USER_SECRET;
  228 const user = await verifyUserToken(verifyPayload, userSecret);
  229 
→ 230 const checkUser = await prisma.user.findUnique({
        where: {
      ?   id?: String,
      ?   email?: String
        }
      })

Argument where of type UserWhereUniqueInput needs at least one argument. Available args are listed in green.

Note: Lines with ? are optional.

error: Label: 31-May-2023 19:17:07: error occured while verifying this user with error message: Error: 
Invalid `prisma.user.findUnique()` invocation in
/Users/akinyemibamidele/Documents/Soss-v2/src/modules/user/service.js:230:41

  227 const userSecret = process.env.TOKEN_USER_SECRET;
  228 const user = await verifyUserToken(verifyPayload, userSecret);
  229 console.log(user);
→ 230 const checkUser = await prisma.user.findUnique({
        where: {
      ?   id?: String,
      ?   email?: String
        }
      })

Argument where of type UserWhereUniqueInput needs at least one argument. Available args are listed in green.

Note: Lines with ? are optional.

error: Label: 31-May-2023 19:18:00: error occured while verifying this user with error message: Error: 
Invalid `prisma.user.findUnique()` invocation in
/Users/akinyemibamidele/Documents/Soss-v2/src/modules/user/service.js:230:41

  227 const userSecret = process.env.TOKEN_USER_SECRET;
  228 const user = await verifyUserToken(verifyPayload, userSecret);
  229 console.log(user);
→ 230 const checkUser = await prisma.user.findUnique({
        where: {
      ?   id?: String,
      ?   email?: String
        }
      })

Argument where of type UserWhereUniqueInput needs at least one argument. Available args are listed in green.

Note: Lines with ? are optional.

error: Label: 31-May-2023 19:25:33: error occured while verifying this user with error message: Error: 
Invalid `prisma.user.findUnique()` invocation in
/Users/akinyemibamidele/Documents/Soss-v2/src/modules/user/service.js:230:41

  227 const userSecret = process.env.TOKEN_USER_SECRET;
  228 const user = await verifyUserToken(verifyPayload, userSecret);
  229 console.log(user);
→ 230 const checkUser = await prisma.user.findUnique({
        where: {
      ?   id?: String,
      ?   email?: String
        }
      })

Argument where of type UserWhereUniqueInput needs at least one argument. Available args are listed in green.

Note: Lines with ? are optional.

error: Label: 31-May-2023 19:25:40: error occured while verifying this user with error message: Error: 
Invalid `prisma.user.findUnique()` invocation in
/Users/akinyemibamidele/Documents/Soss-v2/src/modules/user/service.js:230:41

  227 const userSecret = process.env.TOKEN_USER_SECRET;
  228 const user = await verifyUserToken(verifyPayload, userSecret);
  229 console.log(user);
→ 230 const checkUser = await prisma.user.findUnique({
        where: {
      ?   id?: String,
      ?   email?: String
        }
      })

Argument where of type UserWhereUniqueInput needs at least one argument. Available args are listed in green.

Note: Lines with ? are optional.

error: Label: 31-May-2023 19:26:10: error occured while verifying this user with error message: Error: 
Invalid `prisma.user.findUnique()` invocation in
/Users/akinyemibamidele/Documents/Soss-v2/src/modules/user/service.js:230:41

  227 const userSecret = process.env.TOKEN_USER_SECRET;
  228 const user = await verifyUserToken(verifyPayload, userSecret);
  229 console.log(user);
→ 230 const checkUser = await prisma.user.findUnique({
        where: {
      ?   id?: String,
      ?   email?: String
        }
      })

Argument where of type UserWhereUniqueInput needs at least one argument. Available args are listed in green.

Note: Lines with ? are optional.

error: Label: 31-May-2023 19:26:12: error occured while verifying this user with error message: Error: 
Invalid `prisma.user.findUnique()` invocation in
/Users/akinyemibamidele/Documents/Soss-v2/src/modules/user/service.js:230:41

  227 const userSecret = process.env.TOKEN_USER_SECRET;
  228 const user = await verifyUserToken(verifyPayload, userSecret);
  229 console.log(user);
→ 230 const checkUser = await prisma.user.findUnique({
        where: {
      ?   id?: String,
      ?   email?: String
        }
      })

Argument where of type UserWhereUniqueInput needs at least one argument. Available args are listed in green.

Note: Lines with ? are optional.

info: Label: 31-May-2023 19:28:51: Bamidele Akinyemi created an account successfully with akinyemibamidele2@gmail.com.
error: Label: 31-May-2023 19:29:59: error occured while verifying this user with error message: Error: 
Invalid `prisma.user.findUnique()` invocation in
/Users/akinyemibamidele/Documents/Soss-v2/src/modules/user/service.js:231:41

  228 const user = await verifyUserToken(verifyPayload, userSecret);
  229 
  230 console.log(user);
→ 231 const checkUser = await prisma.user.findUnique({
        where: {
      ?   id?: String,
      ?   email?: String
        }
      })

Argument where of type UserWhereUniqueInput needs at least one argument. Available args are listed in green.

Note: Lines with ? are optional.

error: Label: 31-May-2023 19:39:56: error occured while verifying this user with error message: Error: 
Invalid `prisma.user.findUnique()` invocation in
/Users/akinyemibamidele/Documents/Soss-v2/src/modules/user/service.js:231:41

  228 const user = await verifyUserToken(verifyPayload, userSecret);
  229 
  230 // console.log(user);
→ 231 const checkUser = await prisma.user.findUnique({
        where: {
      ?   id?: String,
      ?   email?: String
        }
      })

Argument where of type UserWhereUniqueInput needs at least one argument. Available args are listed in green.

Note: Lines with ? are optional.

error: Label: 31-May-2023 19:40:50: error occured while verifying this user with error message: Error: 
Invalid `prisma.user.findUnique()` invocation in
/Users/akinyemibamidele/Documents/Soss-v2/src/modules/user/service.js:231:41

  228 const user = await verifyUserToken(verifyPayload, userSecret);
  229 
  230 // console.log(user);
→ 231 const checkUser = await prisma.user.findUnique({
        where: {
      ?   id?: String,
      ?   email?: String
        }
      })

Argument where of type UserWhereUniqueInput needs at least one argument. Available args are listed in green.

Note: Lines with ? are optional.

